<?xml version="1.0" encoding="UTF-8"?>
<testsuite name="examples.AppTest" tests="1" skipped="0" failures="0" errors="0" timestamp="2017-06-17T19:04:38" hostname="STIL34" time="0.001">
  <properties/>
  <testcase name="testApp" classname="examples.AppTest" time="0.001"/>
  <system-out><![CDATA[]]></system-out>
  <system-err><![CDATA[]]></system-err>
</testsuite>
